2025-04-08 22:14:04.680953 - Received SBGOLOB.CBT509.FILE006 from FILE006.XMI 
2025-04-08 22:14:04.684404 - Found $$$#DATE.txt (text/plain) in SBGOLOB.CBT509.FILE006, moved to PDS/$$$#DATE
2025-04-08 22:14:04.685006 - Found $$NOTE01.txt (text/plain) in SBGOLOB.CBT509.FILE006, moved to PDS/$$NOTE01
2025-04-08 22:14:04.685588 - Found @FILE006.txt (text/plain) in SBGOLOB.CBT509.FILE006, moved to PDS/@FILE006
2025-04-08 22:14:04.686198 - Found ASMLK.jcl (text/plain) in SBGOLOB.CBT509.FILE006, moved to PDS/ASMLK
2025-04-08 22:14:04.686764 - Found CBTCOPY.txt (text/plain) in SBGOLOB.CBT509.FILE006, moved to PDS/CBTCOPY
2025-04-08 22:14:04.687388 - Found CBTCOPY$.jcl (text/plain) in SBGOLOB.CBT509.FILE006, moved to PDS/CBTCOPY$
2025-04-08 22:14:04.688003 - Found CBTCOPY@.jcl (text/plain) in SBGOLOB.CBT509.FILE006, moved to PDS/CBTCOPY@
2025-04-08 22:14:04.688650 - Found CBTUPD.txt (text/plain) in SBGOLOB.CBT509.FILE006, moved to PDS/CBTUPD
2025-04-08 22:14:04.689219 - Found CBTUPD$.jcl (text/plain) in SBGOLOB.CBT509.FILE006, moved to PDS/CBTUPD$
2025-04-08 22:14:04.689779 - Found CBTUPDTE.txt (text/plain) in SBGOLOB.CBT509.FILE006, moved to PDS/CBTUPDTE
2025-04-08 22:14:04.690327 - Found COVUPDTE.txt (text/plain) in SBGOLOB.CBT509.FILE006, moved to PDS/COVUPDTE
2025-04-08 22:14:04.690915 - Found DOCCOV.txt (text/plain) in SBGOLOB.CBT509.FILE006, moved to PDS/DOCCOV
2025-04-08 22:14:04.691491 - Found DOCFIL.txt (text/plain) in SBGOLOB.CBT509.FILE006, moved to PDS/DOCFIL
2025-04-08 22:14:04.692034 - Found DOCFILA.txt (text/plain) in SBGOLOB.CBT509.FILE006, moved to PDS/DOCFILA
2025-04-08 22:14:04.692653 - Found DOCFILE.txt (text/plain) in SBGOLOB.CBT509.FILE006, moved to PDS/DOCFILE
2025-04-08 22:14:04.693167 - Found DOCFILE$.jcl (text/plain) in SBGOLOB.CBT509.FILE006, moved to PDS/DOCFILE$
2025-04-08 22:14:04.693748 - Found DOCFILE#.jcl (text/plain) in SBGOLOB.CBT509.FILE006, moved to PDS/DOCFILE#
2025-04-08 22:14:04.694329 - Found DOCFILE@.jcl (text/plain) in SBGOLOB.CBT509.FILE006, moved to PDS/DOCFILE@
2025-04-08 22:14:04.694913 - Found DOCFILN.txt (text/plain) in SBGOLOB.CBT509.FILE006, moved to PDS/DOCFILN
2025-04-08 22:14:04.695415 - Found DOCFILX.rexx (text/plain) in SBGOLOB.CBT509.FILE006, moved to PDS/DOCFILX
2025-04-08 22:14:04.696042 - Found DOCFIL01.txt (text/plain) in SBGOLOB.CBT509.FILE006, moved to PDS/DOCFIL01
2025-04-08 22:14:04.696639 - Found ENDALL.txt (text/plain) in SBGOLOB.CBT509.FILE006, moved to PDS/ENDALL
2025-04-08 22:14:04.697229 - Found GENCOV.txt (text/plain) in SBGOLOB.CBT509.FILE006, moved to PDS/GENCOV
2025-04-08 22:14:04.697815 - Found GENDAT.txt (text/plain) in SBGOLOB.CBT509.FILE006, moved to PDS/GENDAT
2025-04-08 22:14:04.698363 - Found GENDATE.txt (text/plain) in SBGOLOB.CBT509.FILE006, moved to PDS/GENDATE
2025-04-08 22:14:04.698938 - Found GENDATN.txt (text/plain) in SBGOLOB.CBT509.FILE006, moved to PDS/GENDATN
2025-04-08 22:14:04.699482 - Found GENDATQ.rexx (text/plain) in SBGOLOB.CBT509.FILE006, moved to PDS/GENDATQ
2025-04-08 22:14:04.700091 - Found GENDATR.rexx (text/plain) in SBGOLOB.CBT509.FILE006, moved to PDS/GENDATR
2025-04-08 22:14:04.700692 - Found GENDESC.txt (text/plain) in SBGOLOB.CBT509.FILE006, moved to PDS/GENDESC
2025-04-08 22:14:04.701259 - Found GENFILE.txt (text/plain) in SBGOLOB.CBT509.FILE006, moved to PDS/GENFILE
2025-04-08 22:14:04.701854 - Found GENJCL7.txt (text/plain) in SBGOLOB.CBT509.FILE006, moved to PDS/GENJCL7
2025-04-08 22:14:04.702432 - Found GENJCL8.txt (text/plain) in SBGOLOB.CBT509.FILE006, moved to PDS/GENJCL8
2025-04-08 22:14:04.703115 - Found GENSTAT.txt (text/plain) in SBGOLOB.CBT509.FILE006, moved to PDS/GENSTAT
2025-04-08 22:14:04.703751 - Found KEYWORD.txt (text/plain) in SBGOLOB.CBT509.FILE006, moved to PDS/KEYWORD
2025-04-08 22:14:04.704343 - Found KEYWORDH.xmi (application/xmit) in SBGOLOB.CBT509.FILE006, moved to PDS/KEYWORDH.xmi
2025-04-08 22:14:04.714802 - Received CBT.CBT499.FILE043.DATA from KEYWORDH.xmi 
2025-04-08 22:14:04.715475 - Found CBT.CBT499.FILE043.DATA.txt (text/plain), moved to KEYWORDH/CBT.CBT499.FILE043.DATA
2025-04-08 22:14:04.716194 - Found KEYWORDS.txt (text/plain) in SBGOLOB.CBT509.FILE006, moved to PDS/KEYWORDS
2025-04-08 22:14:04.716812 - Found OSTAREDC.txt (text/plain) in SBGOLOB.CBT509.FILE006, moved to PDS/OSTAREDC
2025-04-08 22:14:04.717403 - Found OSTARREC.rexx (text/plain) in SBGOLOB.CBT509.FILE006, moved to PDS/OSTARREC
2025-04-08 22:14:04.717984 - Found OSTARXMT.rexx (text/plain) in SBGOLOB.CBT509.FILE006, moved to PDS/OSTARXMT
2025-04-08 22:14:04.718589 - Found SAVEALL.txt (text/plain) in SBGOLOB.CBT509.FILE006, moved to PDS/SAVEALL
2025-04-08 22:14:04.719182 - Found VBCLIST$.txt (text/plain) in SBGOLOB.CBT509.FILE006, moved to PDS/VBCLIST$
2025-04-08 22:14:04.719779 - Found VBCLISTS.xmi (application/xmit) in SBGOLOB.CBT509.FILE006, moved to PDS/VBCLISTS.xmi
2025-04-08 22:14:04.758442 - Received SBGOLOB.VB.CLIST from VBCLISTS.xmi 
2025-04-08 22:14:04.759791 - Found GENDESC.txt (text/plain) in SBGOLOB.VB.CLIST, moved to VBCLISTS/GENDESC
2025-04-08 22:14:04.760499 - Found GENFILE.txt (text/plain) in SBGOLOB.VB.CLIST, moved to VBCLISTS/GENFILE
2025-04-08 22:14:04.761084 - Found GENJCL7.txt (text/plain) in SBGOLOB.VB.CLIST, moved to VBCLISTS/GENJCL7
2025-04-08 22:14:04.761687 - Found GENJCL8.txt (text/plain) in SBGOLOB.VB.CLIST, moved to VBCLISTS/GENJCL8
2025-04-08 22:14:04.762241 - Found GENSTAT.txt (text/plain) in SBGOLOB.VB.CLIST, moved to VBCLISTS/GENSTAT
2025-04-08 22:14:04.763106 - Found VTT2DISK.txt (text/plain) in SBGOLOB.CBT509.FILE006, moved to PDS/VTT2DISK
2025-04-08 22:14:04.763677 - Found VTT2TAPE.txt (text/plain) in SBGOLOB.CBT509.FILE006, moved to PDS/VTT2TAPE
